#
# An unexpected error has been detected by Java Runtime Environment:
#
#  EXCEPTION_ACCESS_VIOLATION (0xc0000005) at pc=0x77bb9bb1, pid=1792, tid=3400
#
# Java VM: Java HotSpot(TM) Client VM (11.2-b01 mixed mode windows-x86)
# Problematic frame:
# C  [ntdll.dll+0x59bb1]
#
# If you would like to submit a bug report, please visit:
#   http://java.sun.com/webapps/bugreport/crash.jsp
# The crash happened outside the Java Virtual Machine in native code.
# See problematic frame for where to report the bug.
#

---------------  T H R E A D  ---------------

Current thread (0x091b6800):  JavaThread "main" [_thread_in_native, id=3400, stack(0x00430000,0x00c30000)]

siginfo: ExceptionCode=0xc0000005, reading address 0xffffffff

Registers:
EAX=0xfffffff8, EBX=0x00000000, ECX=0x00000008, EDX=0x00000d48
ESP=0x00c29ef4, EBP=0x00c29efc, ESI=0x035e0000, EDI=0x79cd34e4
EIP=0x77bb9bb1, EFLAGS=0x00010282

Top of Stack: (sp=0x00c29ef4)
0x00c29ef4:   00c29ffc 79d135a4 00c29f48 7bfc20d6
0x00c29f04:   035e0000 00000000 00000000 79cd34e4
0x00c29f14:   79d135a4 00c29ffc 00c2a01c 79cd34e4
0x00c29f24:   7c00b348 00000000 091b6800 00c29f10
0x00c29f34:   00c29b00 00c29f74 7bfc240d 7bffa368
0x00c29f44:   ffffffff 00c29f84 7bfcc0b4 00000000
0x00c29f54:   79cd34e4 00000003 00c29ffc 035edfc4
0x00c29f64:   00c2a480 091b6800 00c29f54 00c29b00 

Instructions: (pc=0x77bb9bb1)
0x77bb9ba1:   02 00 8b 45 10 a8 07 0f 85 0f f8 02 00 83 c0 f8
0x77bb9bb1:   80 78 07 05 0f 84 eb f7 02 00 f6 40 07 3f 0f 84 


Stack: [0x00430000,0x00c30000],  sp=0x00c29ef4,  free space=8167k
Native frames: (J=compiled Java code, j=interpreted, Vv=VM code, C=native code)
C  [ntdll.dll+0x59bb1]
C  [MSVCR71.dll+0x20d6]
C  [MSVCR71.dll+0xc0b4]
V  [jvm.dll+0x1c8b74]

Java frames: (J=compiled Java code, j=interpreted, Vv=VM code)
j  com.mathworks.jmi.NativeMatlab.SendMatlabMessage(Ljava/lang/Object;)Ljava/lang/Object;+0
j  com.mathworks.jmi.NativeMatlab.sendMatlabMessage(Ljava/lang/Object;)Ljava/lang/Object;+22
j  com.mathworks.jmi.MatlabLooper.sendMatlabMessage(Lcom/mathworks/services/message/MWMessage;)Ljava/lang/Object;+20
j  com.mathworks.jmi.Matlab.mtFevalConsoleOutput(Ljava/lang/String;[Ljava/lang/Object;I)Ljava/lang/Object;+58
j  com.mathworks.mde.desk.MLDesktop$9.run()V+14
j  com.mathworks.jmi.NativeMatlab.dispatchMTRequests(Z)V+50
v  ~StubRoutines::call_stub

---------------  P R O C E S S  ---------------

Java Threads: ( => current thread )
  0x1a31b800 JavaThread "Thread-404" [_thread_in_native, id=5192, stack(0x20c80000,0x21480000)]
  0x1a31a800 JavaThread "Foxtrot Single Worker Thread #1" daemon [_thread_blocked, id=5392, stack(0x1b610000,0x1b690000)]
  0x1a318400 JavaThread "pool-2-thread-1" [_thread_blocked, id=4684, stack(0x1ad20000,0x1ada0000)]
  0x1a316c00 JavaThread "Active Reference Queue Daemon" daemon [_thread_blocked, id=4140, stack(0x048c0000,0x04940000)]
  0x1a315400 JavaThread "Timer-18" daemon [_thread_blocked, id=4176, stack(0x04840000,0x048c0000)]
  0x1a316800 JavaThread "Timer-7" daemon [_thread_blocked, id=3104, stack(0x1b990000,0x1ba10000)]
  0x1a315000 JavaThread "Prefs Updater" daemon [_thread_blocked, id=480, stack(0x1b090000,0x1b110000)]
  0x096bc800 JavaThread "Timer-1" [_thread_blocked, id=1592, stack(0x1aca0000,0x1ad20000)]
  0x0929a400 JavaThread "TimerQueue" daemon [_thread_blocked, id=2244, stack(0x1abe0000,0x1ac60000)]
  0x1a062000 JavaThread "AWT-EventQueue-0" [_thread_blocked, id=1928, stack(0x1ab60000,0x1abe0000)]
  0x19c4d400 JavaThread "AWT-Shutdown" [_thread_blocked, id=176, stack(0x1aae0000,0x1ab60000)]
  0x19ea2400 JavaThread "AWT-Windows" daemon [_thread_in_native, id=3504, stack(0x1a6c0000,0x1a740000)]
  0x19e1fc00 JavaThread "Java2D Disposer" daemon [_thread_blocked, id=1368, stack(0x1a5c0000,0x1a640000)]
  0x09551000 JavaThread "Timer-0" [_thread_blocked, id=2924, stack(0x19860000,0x198e0000)]
  0x0954e400 JavaThread "JMI Unnamed Thread" [_thread_in_native, id=1364, stack(0x049d0000,0x051d0000)]
  0x0925e400 JavaThread "Low Memory Detector" daemon [_thread_blocked, id=4016, stack(0x094a0000,0x09520000)]
  0x0925a000 JavaThread "CompilerThread0" daemon [_thread_blocked, id=720, stack(0x18860000,0x19060000)]
  0x0924f400 JavaThread "Attach Listener" daemon [_thread_blocked, id=1284, stack(0x09420000,0x094a0000)]
  0x09236400 JavaThread "Finalizer" daemon [_thread_blocked, id=376, stack(0x093a0000,0x09420000)]
  0x09235000 JavaThread "Reference Handler" daemon [_thread_blocked, id=1892, stack(0x09320000,0x093a0000)]
=>0x091b6800 JavaThread "main" [_thread_in_native, id=3400, stack(0x00430000,0x00c30000)]

Other Threads:
  0x0922fc00 VMThread [stack: 0x18060000,0x18860000] [id=3184]
  0x09267400 WatcherThread [stack: 0x19060000,0x19860000] [id=1240]

VM state:not at safepoint (normal execution)

VM Mutex/Monitor currently owned by a thread: None

Heap
 def new generation   total 22336K, used 17920K [0x0c060000, 0x0d890000, 0x0e060000)
  eden space 19904K,  89% used [0x0c060000, 0x0d1dd3d0, 0x0d3d0000)
  from space 2432K,   0% used [0x0d630000, 0x0d632c80, 0x0d890000)
  to   space 2432K,   0% used [0x0d3d0000, 0x0d3d0000, 0x0d630000)
 tenured generation   total 74168K, used 67081K [0x0e060000, 0x128ce000, 0x14060000)
   the space 74168K,  90% used [0x0e060000, 0x121e24c8, 0x121e2600, 0x128ce000)
 compacting perm gen  total 38144K, used 38020K [0x14060000, 0x165a0000, 0x18060000)
   the space 38144K,  99% used [0x14060000, 0x16581320, 0x16581400, 0x165a0000)
No shared spaces configured.

Dynamic libraries:
0x00400000 - 0x00425000 	C:\Program Files\MATLAB\R2010a\bin\win32\MATLAB.exe
0x77b60000 - 0x77c9c000 	C:\Windows\SYSTEM32\ntdll.dll
0x76480000 - 0x76554000 	C:\Windows\system32\kernel32.dll
0x75df0000 - 0x75e3a000 	C:\Windows\system32\KERNELBASE.dll
0x7b940000 - 0x7b9ec000 	C:\Program Files\MATLAB\R2010a\bin\win32\libut.dll
0x77cb0000 - 0x77cda000 	C:\Windows\system32\imagehlp.dll
0x76570000 - 0x7661c000 	C:\Windows\system32\msvcrt.dll
0x76680000 - 0x76720000 	C:\Windows\system32\ADVAPI32.dll
0x75ff0000 - 0x76009000 	C:\Windows\SYSTEM32\sechost.dll
0x77ce0000 - 0x77d81000 	C:\Windows\system32\RPCRT4.dll
0x76620000 - 0x76625000 	C:\Windows\system32\PSAPI.DLL
0x7bfa0000 - 0x7bfbf000 	C:\Program Files\MATLAB\R2010a\bin\win32\LIBEXPAT.dll
0x75b90000 - 0x75c2b000 	C:\Windows\WinSxS\x86_microsoft.vc80.crt_1fc8b3b9a1e18e3b_8.0.50727.6195_none_d09154e044272b9a\MSVCR80.dll
0x7bd50000 - 0x7be38000 	C:\Program Files\MATLAB\R2010a\bin\win32\icuuc40.dll
0x7b4b0000 - 0x7b4b4000 	C:\Program Files\MATLAB\R2010a\bin\win32\icudt40.dll
0x7b4c0000 - 0x7b4cc000 	C:\Program Files\MATLAB\R2010a\bin\win32\icuio40.dll
0x7b670000 - 0x7b768000 	C:\Program Files\MATLAB\R2010a\bin\win32\icuin40.dll
0x70a50000 - 0x70ad7000 	C:\Windows\WinSxS\x86_microsoft.vc80.crt_1fc8b3b9a1e18e3b_8.0.50727.6195_none_d09154e044272b9a\MSVCP80.dll
0x76720000 - 0x767e9000 	C:\Windows\system32\USER32.dll
0x76630000 - 0x7667e000 	C:\Windows\system32\GDI32.dll
0x77ca0000 - 0x77caa000 	C:\Windows\system32\LPK.dll
0x776d0000 - 0x7776d000 	C:\Windows\system32\USP10.dll
0x78770000 - 0x787ee000 	C:\Program Files\MATLAB\R2010a\bin\win32\libmwfl.dll
0x7d160000 - 0x7d16e000 	C:\Program Files\MATLAB\R2010a\bin\win32\boost_date_time-vc80-mt-1_36.dll
0x7d330000 - 0x7d346000 	C:\Program Files\MATLAB\R2010a\bin\win32\boost_filesystem-vc80-mt-1_36.dll
0x7c500000 - 0x7c507000 	C:\Program Files\MATLAB\R2010a\bin\win32\boost_system-vc80-mt-1_36.dll
0x7d050000 - 0x7d060000 	C:\Program Files\MATLAB\R2010a\bin\win32\boost_signals-vc80-mt-1_36.dll
0x7b4a0000 - 0x7b4ac000 	C:\Program Files\MATLAB\R2010a\bin\win32\boost_thread-vc80-mt-1_36.dll
0x7ba50000 - 0x7bc63000 	C:\Program Files\MATLAB\R2010a\bin\win32\libmwservices.dll
0x7b9f0000 - 0x7ba4d000 	C:\Program Files\MATLAB\R2010a\bin\win32\libmx.dll
0x78c90000 - 0x78ca3000 	C:\Program Files\MATLAB\R2010a\bin\win32\zlib1.dll
0x7bc70000 - 0x7bd47000 	C:\Program Files\MATLAB\R2010a\bin\win32\libmwmathutil.dll
0x79e30000 - 0x79e6a000 	C:\Program Files\MATLAB\R2010a\bin\win32\mpath.dll
0x7c0a0000 - 0x7c166000 	C:\Program Files\MATLAB\R2010a\bin\win32\mlutil.dll
0x7cfb0000 - 0x7d00e000 	C:\Program Files\MATLAB\R2010a\bin\win32\xmlcore.dll
0x79720000 - 0x798e2000 	C:\Program Files\MATLAB\R2010a\bin\win32\xerces-c_2_7.dll
0x761d0000 - 0x76205000 	C:\Windows\system32\WS2_32.dll
0x76560000 - 0x76566000 	C:\Windows\system32\NSI.dll
0x767f0000 - 0x7743a000 	C:\Windows\system32\SHELL32.dll
0x77b00000 - 0x77b57000 	C:\Windows\system32\SHLWAPI.dll
0x78720000 - 0x7874e000 	C:\Program Files\MATLAB\R2010a\bin\win32\tbb.dll
0x71b70000 - 0x71bf4000 	C:\Windows\WinSxS\x86_microsoft.windows.common-controls_6595b64144ccf1df_5.82.7601.17514_none_ec83dffa859149af\COMCTL32.dll
0x76330000 - 0x763ab000 	C:\Windows\system32\comdlg32.dll
0x73470000 - 0x73481000 	C:\Windows\system32\NETAPI32.dll
0x73460000 - 0x73469000 	C:\Windows\system32\netutils.dll
0x757a0000 - 0x757b9000 	C:\Windows\system32\srvcli.dll
0x73450000 - 0x7345f000 	C:\Windows\system32\wkscli.dll
0x7a0e0000 - 0x7a144000 	C:\Program Files\MATLAB\R2010a\bin\win32\mcr.dll
0x7e890000 - 0x7e8a9000 	C:\Program Files\MATLAB\R2010a\bin\win32\libmwi18n.dll
0x7b4d0000 - 0x7b539000 	C:\Program Files\MATLAB\R2010a\bin\win32\iqm.dll
0x7a6c0000 - 0x7ab7b000 	C:\Program Files\MATLAB\R2010a\bin\win32\m_interpreter.dll
0x7b550000 - 0x7b561000 	C:\Program Files\MATLAB\R2010a\bin\win32\libmex.dll
0x79fb0000 - 0x7a017000 	C:\Program Files\MATLAB\R2010a\bin\win32\m_dispatcher.dll
0x7d280000 - 0x7d31d000 	C:\Program Files\MATLAB\R2010a\bin\win32\boost_regex-vc80-mt-1_36.dll
0x79ec0000 - 0x79f1b000 	C:\Program Files\MATLAB\R2010a\bin\win32\profiler.dll
0x7b5d0000 - 0x7b5f2000 	C:\Program Files\MATLAB\R2010a\bin\win32\libmwmathrng.dll
0x78c00000 - 0x78c12000 	C:\Program Files\MATLAB\R2010a\bin\win32\m_pcodeio.dll
0x79df0000 - 0x79e27000 	C:\Program Files\MATLAB\R2010a\bin\win32\m_ir.dll
0x7a1d0000 - 0x7a6bd000 	C:\Program Files\MATLAB\R2010a\bin\win32\m_parser.dll
0x7b540000 - 0x7b54e000 	C:\Program Files\MATLAB\R2010a\bin\win32\ir_xfmr.dll
0x787f0000 - 0x7894e000 	C:\Program Files\MATLAB\R2010a\bin\win32\mcos.dll
0x7b610000 - 0x7b61a000 	C:\Program Files\MATLAB\R2010a\bin\win32\mtok.dll
0x78be0000 - 0x78bfa000 	C:\Program Files\MATLAB\R2010a\bin\win32\m_pcodegen.dll
0x7e810000 - 0x7e844000 	C:\Program Files\MATLAB\R2010a\bin\win32\libmwspmatrix.dll
0x7e850000 - 0x7e871000 	C:\Program Files\MATLAB\R2010a\bin\win32\libmwbridge.dll
0x7b180000 - 0x7b209000 	C:\Program Files\MATLAB\R2010a\bin\win32\udd.dll
0x7be40000 - 0x7bf3f000 	C:\Program Files\MATLAB\R2010a\bin\win32\libmwgui.dll
0x78cf0000 - 0x7914f000 	C:\Program Files\MATLAB\R2010a\bin\win32\hg.dll
0x78b60000 - 0x78b92000 	C:\Program Files\MATLAB\R2010a\bin\win32\libmat.dll
0x7b770000 - 0x7b939000 	C:\Program Files\MATLAB\R2010a\bin\win32\libhdf5.dll
0x79d40000 - 0x79d96000 	C:\Program Files\MATLAB\R2010a\bin\win32\jmi.dll
0x79a40000 - 0x79a70000 	C:\Program Files\MATLAB\R2010a\bin\win32\libmwhardcopy.dll
0x79da0000 - 0x79de3000 	C:\Program Files\MATLAB\R2010a\bin\win32\libuij.dll
0x78630000 - 0x7871f000 	C:\Program Files\MATLAB\R2010a\bin\win32\hgdatatypes.dll
0x785c0000 - 0x78628000 	C:\Program Files\MATLAB\R2010a\bin\win32\hgutils.dll
0x78ba0000 - 0x78bd4000 	C:\Program Files\MATLAB\R2010a\bin\win32\libmwlapack.dll
0x7b580000 - 0x7b58e000 	C:\Program Files\MATLAB\R2010a\bin\win32\libmwbinder.dll
0x7b210000 - 0x7b492000 	C:\Program Files\MATLAB\R2010a\bin\win32\uiw.dll
0x7b660000 - 0x7b669000 	C:\Program Files\MATLAB\R2010a\bin\win32\uinone.dll
0x00d20000 - 0x00e30000 	C:\Windows\WinSxS\x86_microsoft.vc80.mfc_1fc8b3b9a1e18e3b_8.0.50727.4053_none_cbf21254470d8752\MFC80.DLL
0x709f0000 - 0x70a41000 	C:\Windows\system32\WINSPOOL.DRV
0x774e0000 - 0x7763c000 	C:\Windows\system32\ole32.dll
0x77450000 - 0x774df000 	C:\Windows\system32\OLEAUT32.dll
0x7a150000 - 0x7a1cc000 	C:\Program Files\MATLAB\R2010a\bin\win32\udd_mi.dll
0x78c20000 - 0x78c37000 	C:\Program Files\MATLAB\R2010a\bin\win32\mwoles05.DLL
0x79e70000 - 0x79eb9000 	C:\Program Files\MATLAB\R2010a\bin\win32\comcli.dll
0x00e60000 - 0x00e7b000 	C:\Windows\WinSxS\x86_microsoft.vc80.atl_1fc8b3b9a1e18e3b_8.0.50727.4053_none_d1c738ec43578ea1\ATL80.DLL
0x7b600000 - 0x7b60b000 	C:\Program Files\MATLAB\R2010a\bin\win32\mlautoregister.dll
0x76460000 - 0x7647f000 	C:\Windows\system32\IMM32.DLL
0x77910000 - 0x779dc000 	C:\Windows\system32\MSCTF.dll
0x00fc0000 - 0x00fc5000 	C:\Windows\system32\avgrsstx.dll
0x75cf0000 - 0x75cfb000 	C:\Windows\system32\profapi.dll
0x75c80000 - 0x75c8c000 	C:\Windows\system32\CRYPTBASE.dll
0x74380000 - 0x743c0000 	C:\Windows\system32\uxtheme.dll
0x74740000 - 0x748de000 	C:\Windows\WinSxS\x86_microsoft.windows.common-controls_6595b64144ccf1df_6.0.7601.17514_none_41e6975e2bd6f2b2\comctl32.dll
0x77640000 - 0x776c3000 	C:\Windows\system32\CLBCatQ.DLL
0x743e0000 - 0x744d5000 	C:\Windows\system32\propsys.dll
0x741c0000 - 0x741e1000 	C:\Windows\system32\ntmarta.dll
0x76410000 - 0x76455000 	C:\Windows\system32\WLDAP32.dll
0x77770000 - 0x7790d000 	C:\Windows\system32\SETUPAPI.dll
0x75da0000 - 0x75dc7000 	C:\Windows\system32\CFGMGR32.dll
0x75dd0000 - 0x75de2000 	C:\Windows\system32\DEVOBJ.dll
0x73ce0000 - 0x73cfc000 	C:\Windows\system32\iphlpapi.dll
0x73cd0000 - 0x73cd7000 	C:\Windows\system32\WINNSI.DLL
0x74f90000 - 0x74fd4000 	C:\Windows\system32\DNSAPI.dll
0x73b90000 - 0x73ba2000 	C:\Windows\system32\dhcpcsvc.DLL
0x73bc0000 - 0x73bcd000 	C:\Windows\system32\dhcpcsvc6.DLL
0x71230000 - 0x71233000 	C:\Windows\system32\icmp.Dll
0x73b20000 - 0x73b33000 	C:\Windows\system32\dwmapi.dll
0x79ae0000 - 0x79d36000 	C:\Program Files\MATLAB\R2010a\sys\java\jre\win32\jre\bin\client\jvm.dll
0x71b20000 - 0x71b52000 	C:\Windows\system32\WINMM.dll
0x7bfc0000 - 0x7c016000 	C:\Program Files\MATLAB\R2010a\bin\win32\MSVCR71.dll
0x75c30000 - 0x75c7c000 	C:\Windows\system32\apphelp.dll
0x08bd0000 - 0x08cbb000 	C:\Windows\system32\dbghelp.dll
0x79f70000 - 0x79f78000 	C:\Program Files\MATLAB\R2010a\sys\java\jre\win32\jre\bin\hpi.dll
0x79f90000 - 0x79f9c000 	C:\Program Files\MATLAB\R2010a\sys\java\jre\win32\jre\bin\verify.dll
0x78cb0000 - 0x78ccf000 	C:\Program Files\MATLAB\R2010a\sys\java\jre\win32\jre\bin\java.dll
0x79fa0000 - 0x79faf000 	C:\Program Files\MATLAB\R2010a\sys\java\jre\win32\jre\bin\zip.dll
0x78c40000 - 0x78c5e000 	C:\Program Files\MATLAB\R2010a\bin\win32\nativejava.dll
0x71b00000 - 0x71b12000 	C:\Windows\system32\MPR.dll
0x78c60000 - 0x78c85000 	C:\Program Files\MATLAB\R2010a\bin\win32\nativejmi.dll
0x7b650000 - 0x7b65a000 	C:\Program Files\MATLAB\R2010a\bin\win32\nativeservices.dll
0x798f0000 - 0x79a3a000 	C:\Program Files\MATLAB\R2010a\sys\java\jre\win32\jre\bin\awt.dll
0x7a020000 - 0x7a074000 	C:\Program Files\MATLAB\R2010a\sys\java\jre\win32\jre\bin\fontmanager.dll
0x78cd0000 - 0x78ce3000 	C:\Program Files\MATLAB\R2010a\sys\java\jre\win32\jre\bin\net.dll
0x750d0000 - 0x7510c000 	C:\Windows\system32\mswsock.dll
0x750c0000 - 0x750c6000 	C:\Windows\System32\wship6.dll
0x79f80000 - 0x79f89000 	C:\Program Files\MATLAB\R2010a\sys\java\jre\win32\jre\bin\nio.dll

VM Arguments:
jvm_args: -Xss512k -XX:PermSize=32m -Xms64m -XX:NewRatio=3 -XX:MaxPermSize=64m -Xmx128m -XX:MaxDirectMemorySize=1200000000 -Dsun.java2d.noddraw=true -Dsun.awt.nopixfmt=true -Xshare:off -Xrs -Djava.library.path=C:\Program Files\MATLAB\R2010a\bin\win32 vfprintf abort 
java_command: <unknown>
Launcher Type: generic

Environment Variables:
PATH=C:\Program Files\MATLAB\R2010a\sys\java\jre\win32\jre\bin;C:\Program Files\MATLAB\R2010a\sys\webrenderer\windows\corecomponents;C:\Program Files\MATLAB\R2010a\sys\webrenderer\windows;C:\Program Files\MiKTeX 2.8\miktex\bin;C:\Windows\system32;C:\Windows;C:\Windows\System32\Wbem;C:\Windows\System32\WindowsPowerShell\v1.0\;C:\wamp\bin\php\php5.3.8;C:\wamp\www\yii\framework;C:\Program Files\MATLAB\R2010a\runtime\win32;C:\Program Files\MATLAB\R2010a\bin
USERNAME=Yeni
OS=Windows_NT
PROCESSOR_IDENTIFIER=x86 Family 6 Model 23 Stepping 10, GenuineIntel



---------------  S Y S T E M  ---------------

OS: Windows NT 6.1 Build 7601 Service Pack 1

CPU:total 2 (2 cores per cpu, 1 threads per core) family 6 model 7 stepping 10, cmov, cx8, fxsr, mmx, sse, sse2, sse3, ssse3

Memory: 4k page, physical 2061112k(1077008k free), swap 4122224k(2468836k free)

vm_info: Java HotSpot(TM) Client VM (11.2-b01) for windows-x86 JRE (1.6.0_12-b04), built on Jan 17 2009 09:57:14 by "java_re" with MS VC++ 7.1

time: Mon Apr 16 09:51:16 2012
elapsed time: 46312 seconds

